2023-12-19 03:12:845 INFO  LoginPage :39 - Getting text from : [[ChromeDriver: chrome on windows (298a893682c4ed43f51cec453f7b6322)] -> xpath: //h1[contains(text(),'Welcome, Please Sign In!')]]
2023-12-19 03:12:981 INFO  LoginPage :45 - Enter email :az5252@gmail.com in email field [[ChromeDriver: chrome on windows (f6223ae68aa65937bb4a3be68b972c6f)] -> id: Email]
2023-12-19 03:12:48 INFO  LoginPage :50 - Enter password :abc123 in password field [[ChromeDriver: chrome on windows (f6223ae68aa65937bb4a3be68b972c6f)] -> name: Password]
2023-12-19 03:12:389 INFO  LoginPage :55 - Clicking on Login button : [[ChromeDriver: chrome on windows (f6223ae68aa65937bb4a3be68b972c6f)] -> xpath: //button[contains(text(),'Log in')]]
2023-12-19 03:12:509 INFO  LoginPage :60 - Getting text from : [[ChromeDriver: chrome on windows (f6223ae68aa65937bb4a3be68b972c6f)] -> xpath: //h1[contains(text(),'Welcome, Please Sign In!')]]
2023-12-19 03:12:626 INFO  RegisterPage :95 - click on register button : [[ChromeDriver: chrome on windows (238c7e076916cadb55bb351896922cfa)] -> xpath: //button[text()= 'Register']]
2023-12-19 03:12:660 INFO  RegisterPage :100 - Getting error message from : [[ChromeDriver: chrome on windows (238c7e076916cadb55bb351896922cfa)] -> id: FirstName-error]
2023-12-19 03:12:690 INFO  RegisterPage :106 - Getting error message from : [[ChromeDriver: chrome on windows (238c7e076916cadb55bb351896922cfa)] -> id: LastName-error]
2023-12-19 03:12:709 INFO  RegisterPage :112 - Getting error message from : [[ChromeDriver: chrome on windows (238c7e076916cadb55bb351896922cfa)] -> id: Email-error]
2023-12-19 03:12:730 INFO  RegisterPage :118 - Getting error message from : [[ChromeDriver: chrome on windows (238c7e076916cadb55bb351896922cfa)] -> id: Password-error]
2023-12-19 03:12:751 INFO  RegisterPage :124 - Getting error message from : [[ChromeDriver: chrome on windows (238c7e076916cadb55bb351896922cfa)] -> id: ConfirmPassword-error]
2023-12-19 03:12:485 INFO  LoginPage :39 - Getting text from : [[ChromeDriver: chrome on windows (1956dcd52512a70647ebc8580cc19fe0)] -> xpath: //h1[contains(text(),'Welcome, Please Sign In!')]]
2023-12-19 03:12:774 INFO  LoginPage :45 - Enter email :az5252@gmail.com in email field [[ChromeDriver: chrome on windows (6fa18e16025762c28d05d8d7d0a4f2d3)] -> id: Email]
2023-12-19 03:12:850 INFO  LoginPage :50 - Enter password :abc123 in password field [[ChromeDriver: chrome on windows (6fa18e16025762c28d05d8d7d0a4f2d3)] -> name: Password]
2023-12-19 03:12:190 INFO  LoginPage :55 - Clicking on Login button : [[ChromeDriver: chrome on windows (6fa18e16025762c28d05d8d7d0a4f2d3)] -> xpath: //button[contains(text(),'Log in')]]
2023-12-19 03:12:287 INFO  LoginPage :60 - Getting text from : [[ChromeDriver: chrome on windows (6fa18e16025762c28d05d8d7d0a4f2d3)] -> xpath: //div[@class='message-error validation-summary-errors']]
2023-12-19 03:12:605 INFO  RegisterPage :95 - click on register button : [[ChromeDriver: chrome on windows (e6d8da3583ba6a5ebbb1c5ba86bc7f71)] -> xpath: //button[text()= 'Register']]
2023-12-19 03:12:650 INFO  RegisterPage :100 - Getting error message from : [[ChromeDriver: chrome on windows (e6d8da3583ba6a5ebbb1c5ba86bc7f71)] -> id: FirstName-error]
2023-12-19 03:12:692 INFO  RegisterPage :106 - Getting error message from : [[ChromeDriver: chrome on windows (e6d8da3583ba6a5ebbb1c5ba86bc7f71)] -> id: LastName-error]
2023-12-19 03:12:714 INFO  RegisterPage :112 - Getting error message from : [[ChromeDriver: chrome on windows (e6d8da3583ba6a5ebbb1c5ba86bc7f71)] -> id: Email-error]
2023-12-19 03:12:732 INFO  RegisterPage :118 - Getting error message from : [[ChromeDriver: chrome on windows (e6d8da3583ba6a5ebbb1c5ba86bc7f71)] -> id: Password-error]
2023-12-19 03:12:751 INFO  RegisterPage :124 - Getting error message from : [[ChromeDriver: chrome on windows (e6d8da3583ba6a5ebbb1c5ba86bc7f71)] -> id: ConfirmPassword-error]
2023-12-19 03:12:975 INFO  LoginPage :39 - Getting text from : [[ChromeDriver: chrome on windows (18e5c87b307ef9bb1fa27b0ba3d5aa50)] -> xpath: //h1[contains(text(),'Welcome, Please Sign In!')]]
2023-12-19 03:12:232 INFO  LoginPage :39 - Getting text from : [[ChromeDriver: chrome on windows (456f28ad0a102617a4ac8e1cfa84ee04)] -> xpath: //h1[contains(text(),'Welcome, Please Sign In!')]]
2023-12-19 03:12:329 INFO  LoginPage :45 - Enter email :az5252@gmail.com in email field [[ChromeDriver: chrome on windows (70cc87f53fd4e908aefa0e53004b8705)] -> id: Email]
2023-12-19 03:12:393 INFO  LoginPage :50 - Enter password :abc123 in password field [[ChromeDriver: chrome on windows (70cc87f53fd4e908aefa0e53004b8705)] -> name: Password]
2023-12-19 03:12:742 INFO  LoginPage :55 - Clicking on Login button : [[ChromeDriver: chrome on windows (70cc87f53fd4e908aefa0e53004b8705)] -> xpath: //button[contains(text(),'Log in')]]
2023-12-19 03:12:853 INFO  LoginPage :60 - Getting text from : [[ChromeDriver: chrome on windows (70cc87f53fd4e908aefa0e53004b8705)] -> xpath: //div[@class='message-error validation-summary-errors']]
2023-12-19 03:12:108 INFO  LoginPage :45 - Enter email :disha5252@gmail.com in email field [[ChromeDriver: chrome on windows (4ff0af74fe14d01783645dad655c02d9)] -> id: Email]
2023-12-19 03:12:184 INFO  LoginPage :50 - Enter password :disha5252 in password field [[ChromeDriver: chrome on windows (4ff0af74fe14d01783645dad655c02d9)] -> name: Password]
2023-12-19 03:12:667 INFO  LoginPage :55 - Clicking on Login button : [[ChromeDriver: chrome on windows (4ff0af74fe14d01783645dad655c02d9)] -> xpath: //button[contains(text(),'Log in')]]
2023-12-19 03:12:638 INFO  LoginPage :45 - Enter email :disha5252@gmail.com in email field [[ChromeDriver: chrome on windows (90a22a8cc3934cc11f624dffaff2928c)] -> id: Email]
2023-12-19 03:12:708 INFO  LoginPage :50 - Enter password :disha5252 in password field [[ChromeDriver: chrome on windows (90a22a8cc3934cc11f624dffaff2928c)] -> name: Password]
2023-12-19 03:12:81 INFO  LoginPage :55 - Clicking on Login button : [[ChromeDriver: chrome on windows (90a22a8cc3934cc11f624dffaff2928c)] -> xpath: //button[contains(text(),'Log in')]]
2023-12-19 03:12:442 INFO  RegisterPage :95 - click on register button : [[ChromeDriver: chrome on windows (a0568da9a5bd4b714a358f9115f7fe25)] -> xpath: //button[text()= 'Register']]
2023-12-19 03:12:479 INFO  RegisterPage :100 - Getting error message from : [[ChromeDriver: chrome on windows (a0568da9a5bd4b714a358f9115f7fe25)] -> id: FirstName-error]
2023-12-19 03:12:521 INFO  RegisterPage :106 - Getting error message from : [[ChromeDriver: chrome on windows (a0568da9a5bd4b714a358f9115f7fe25)] -> id: LastName-error]
2023-12-19 03:12:542 INFO  RegisterPage :112 - Getting error message from : [[ChromeDriver: chrome on windows (a0568da9a5bd4b714a358f9115f7fe25)] -> id: Email-error]
2023-12-19 03:12:565 INFO  RegisterPage :118 - Getting error message from : [[ChromeDriver: chrome on windows (a0568da9a5bd4b714a358f9115f7fe25)] -> id: Password-error]
2023-12-19 03:12:597 INFO  RegisterPage :124 - Getting error message from : [[ChromeDriver: chrome on windows (a0568da9a5bd4b714a358f9115f7fe25)] -> id: ConfirmPassword-error]
2023-12-19 03:12:981 INFO  RegisterPage :130 - click on radio button : [[ChromeDriver: chrome on windows (e753ca6d36aec43d0731090d8dd35d0a)] -> id: gender-female]
2023-12-19 03:12:67 INFO  RegisterPage :135 - Enter first name :Michel in first name field [[ChromeDriver: chrome on windows (e753ca6d36aec43d0731090d8dd35d0a)] -> id: FirstName]
2023-12-19 03:12:151 INFO  RegisterPage :140 - Enter last name :jackson in last name field [[ChromeDriver: chrome on windows (e753ca6d36aec43d0731090d8dd35d0a)] -> name: LastName]
2023-12-19 03:12:249 INFO  RegisterPage :146 - Enter day of birthdate :5 in day field [[ChromeDriver: chrome on windows (e753ca6d36aec43d0731090d8dd35d0a)] -> name: DateOfBirthDay]
2023-12-19 03:12:336 INFO  RegisterPage :151 - Enter month of birthdate :May in month field [[ChromeDriver: chrome on windows (e753ca6d36aec43d0731090d8dd35d0a)] -> name: DateOfBirthMonth]
2023-12-19 03:12:414 INFO  RegisterPage :156 - Enter year of birthdate :1995 in year field [[ChromeDriver: chrome on windows (e753ca6d36aec43d0731090d8dd35d0a)] -> name: DateOfBirthYear]
2023-12-19 03:12:506 INFO  RegisterPage :169 - Enter email :michel368121068mMubRmouse@gmail.com in email field [[ChromeDriver: chrome on windows (e753ca6d36aec43d0731090d8dd35d0a)] -> id: Email]
2023-12-19 03:12:580 INFO  RegisterPage :174 - Enter password :m123456 in password field [[ChromeDriver: chrome on windows (e753ca6d36aec43d0731090d8dd35d0a)] -> id: Password]
2023-12-19 03:12:639 INFO  RegisterPage :179 - Enter confirm password :m123456 in confirm password field [[ChromeDriver: chrome on windows (e753ca6d36aec43d0731090d8dd35d0a)] -> id: ConfirmPassword]
2023-12-19 03:12:442 INFO  RegisterPage :95 - click on register button : [[ChromeDriver: chrome on windows (e753ca6d36aec43d0731090d8dd35d0a)] -> xpath: //button[text()= 'Register']]
2023-12-19 03:12:477 INFO  RegisterPage :184 - Getting registration complete text from : [[ChromeDriver: chrome on windows (e753ca6d36aec43d0731090d8dd35d0a)] -> xpath: //div[text()='Your registration completed']]
2023-12-19 03:12:221 INFO  LoginPage :39 - Getting text from : [[ChromeDriver: chrome on windows (a43aff9880ed93b811dccc6b869df6ac)] -> xpath: //h1[contains(text(),'Welcome, Please Sign In!')]]
2023-12-19 03:12:444 INFO  LoginPage :45 - Enter email :az5252@gmail.com in email field [[ChromeDriver: chrome on windows (7cf7632b2fb1cde47b511df8dd2152cc)] -> id: Email]
2023-12-19 03:12:505 INFO  LoginPage :50 - Enter password :abc123 in password field [[ChromeDriver: chrome on windows (7cf7632b2fb1cde47b511df8dd2152cc)] -> name: Password]
2023-12-19 03:12:891 INFO  LoginPage :55 - Clicking on Login button : [[ChromeDriver: chrome on windows (7cf7632b2fb1cde47b511df8dd2152cc)] -> xpath: //button[contains(text(),'Log in')]]
2023-12-19 03:12:936 INFO  LoginPage :60 - Getting text from : [[ChromeDriver: chrome on windows (7cf7632b2fb1cde47b511df8dd2152cc)] -> xpath: //div[@class='message-error validation-summary-errors']]
2023-12-19 03:12:570 INFO  LoginPage :45 - Enter email :disha5252@gmail.com in email field [[ChromeDriver: chrome on windows (09e329c5fd89ec53b111c512a8d9a69b)] -> id: Email]
2023-12-19 03:12:636 INFO  LoginPage :50 - Enter password :disha5252 in password field [[ChromeDriver: chrome on windows (09e329c5fd89ec53b111c512a8d9a69b)] -> name: Password]
2023-12-19 03:12:976 INFO  LoginPage :55 - Clicking on Login button : [[ChromeDriver: chrome on windows (09e329c5fd89ec53b111c512a8d9a69b)] -> xpath: //button[contains(text(),'Log in')]]
2023-12-19 03:12:434 INFO  LoginPage :45 - Enter email :disha5252@gmail.com in email field [[ChromeDriver: chrome on windows (bf9196fc17406d7947d4887cf11d1297)] -> id: Email]
2023-12-19 03:12:516 INFO  LoginPage :50 - Enter password :disha5252 in password field [[ChromeDriver: chrome on windows (bf9196fc17406d7947d4887cf11d1297)] -> name: Password]
2023-12-19 03:12:880 INFO  LoginPage :55 - Clicking on Login button : [[ChromeDriver: chrome on windows (bf9196fc17406d7947d4887cf11d1297)] -> xpath: //button[contains(text(),'Log in')]]
2023-12-19 03:12:160 INFO  RegisterPage :95 - click on register button : [[ChromeDriver: chrome on windows (84eb993591b749bfafe4ec2d4bfd7656)] -> xpath: //button[text()= 'Register']]
2023-12-19 03:12:207 INFO  RegisterPage :100 - Getting error message from : [[ChromeDriver: chrome on windows (84eb993591b749bfafe4ec2d4bfd7656)] -> id: FirstName-error]
2023-12-19 03:12:250 INFO  RegisterPage :106 - Getting error message from : [[ChromeDriver: chrome on windows (84eb993591b749bfafe4ec2d4bfd7656)] -> id: LastName-error]
2023-12-19 03:12:270 INFO  RegisterPage :112 - Getting error message from : [[ChromeDriver: chrome on windows (84eb993591b749bfafe4ec2d4bfd7656)] -> id: Email-error]
2023-12-19 03:12:295 INFO  RegisterPage :118 - Getting error message from : [[ChromeDriver: chrome on windows (84eb993591b749bfafe4ec2d4bfd7656)] -> id: Password-error]
2023-12-19 03:12:319 INFO  RegisterPage :124 - Getting error message from : [[ChromeDriver: chrome on windows (84eb993591b749bfafe4ec2d4bfd7656)] -> id: ConfirmPassword-error]
2023-12-19 03:12:87 INFO  RegisterPage :130 - click on radio button : [[ChromeDriver: chrome on windows (2969800c5a20f7230b90a1ebb551e35f)] -> id: gender-female]
2023-12-19 03:12:173 INFO  RegisterPage :135 - Enter first name :Michel in first name field [[ChromeDriver: chrome on windows (2969800c5a20f7230b90a1ebb551e35f)] -> id: FirstName]
2023-12-19 03:12:246 INFO  RegisterPage :140 - Enter last name :jackson in last name field [[ChromeDriver: chrome on windows (2969800c5a20f7230b90a1ebb551e35f)] -> name: LastName]
2023-12-19 03:12:339 INFO  RegisterPage :146 - Enter day of birthdate :5 in day field [[ChromeDriver: chrome on windows (2969800c5a20f7230b90a1ebb551e35f)] -> name: DateOfBirthDay]
2023-12-19 03:12:432 INFO  RegisterPage :151 - Enter month of birthdate :May in month field [[ChromeDriver: chrome on windows (2969800c5a20f7230b90a1ebb551e35f)] -> name: DateOfBirthMonth]
2023-12-19 03:12:521 INFO  RegisterPage :156 - Enter year of birthdate :1995 in year field [[ChromeDriver: chrome on windows (2969800c5a20f7230b90a1ebb551e35f)] -> name: DateOfBirthYear]
2023-12-19 03:12:607 INFO  RegisterPage :169 - Enter email :michel368121068V3CETmouse@gmail.com in email field [[ChromeDriver: chrome on windows (2969800c5a20f7230b90a1ebb551e35f)] -> id: Email]
2023-12-19 03:12:683 INFO  RegisterPage :174 - Enter password :m123456 in password field [[ChromeDriver: chrome on windows (2969800c5a20f7230b90a1ebb551e35f)] -> id: Password]
2023-12-19 03:12:746 INFO  RegisterPage :179 - Enter confirm password :m123456 in confirm password field [[ChromeDriver: chrome on windows (2969800c5a20f7230b90a1ebb551e35f)] -> id: ConfirmPassword]
2023-12-19 03:12:512 INFO  RegisterPage :95 - click on register button : [[ChromeDriver: chrome on windows (2969800c5a20f7230b90a1ebb551e35f)] -> xpath: //button[text()= 'Register']]
2023-12-19 03:12:562 INFO  RegisterPage :184 - Getting registration complete text from : [[ChromeDriver: chrome on windows (2969800c5a20f7230b90a1ebb551e35f)] -> xpath: //div[text()='Your registration completed']]
2023-12-19 20:12:471 INFO  LoginPage :39 - Getting text from : [[ChromeDriver: chrome on windows (fde4e417562889b922a62c5a158ad4bc)] -> xpath: //h1[contains(text(),'Welcome, Please Sign In!')]]
2023-12-19 20:12:489 INFO  LoginPage :45 - Enter email :az5252@gmail.com in email field [[ChromeDriver: chrome on windows (c8b77f3a88260363da3662db01d3c0c0)] -> id: Email]
2023-12-19 20:12:551 INFO  LoginPage :50 - Enter password :abc123 in password field [[ChromeDriver: chrome on windows (c8b77f3a88260363da3662db01d3c0c0)] -> name: Password]
2023-12-19 20:12:906 INFO  LoginPage :55 - Clicking on Login button : [[ChromeDriver: chrome on windows (c8b77f3a88260363da3662db01d3c0c0)] -> xpath: //button[contains(text(),'Log in')]]
2023-12-19 20:12:992 INFO  LoginPage :60 - Getting text from : [[ChromeDriver: chrome on windows (c8b77f3a88260363da3662db01d3c0c0)] -> xpath: //div[@class='message-error validation-summary-errors']]
2023-12-19 20:12:138 INFO  LoginPage :45 - Enter email :jalsakar2023@gmail.com in email field [[ChromeDriver: chrome on windows (fd3691b44d18eb660caee1631b681ade)] -> id: Email]
2023-12-19 20:12:204 INFO  LoginPage :50 - Enter password :jalsakar2023 in password field [[ChromeDriver: chrome on windows (fd3691b44d18eb660caee1631b681ade)] -> name: Password]
2023-12-19 20:12:949 INFO  LoginPage :55 - Clicking on Login button : [[ChromeDriver: chrome on windows (fd3691b44d18eb660caee1631b681ade)] -> xpath: //button[contains(text(),'Log in')]]
2023-12-19 20:12:47 INFO  LoginPage :66 - Getting text from : Proxy element for: DefaultElementLocator 'By.xpath: //h1[contains(text(),'Welcome, Please Sign In!')]'
2023-12-19 20:12:300 INFO  LoginPage :45 - Enter email :jalsakar2023@gmail.com in email field [[ChromeDriver: chrome on windows (5e60184831b177a0e84266b7d51ba30c)] -> id: Email]
2023-12-19 20:12:366 INFO  LoginPage :50 - Enter password :jalsakar2023 in password field [[ChromeDriver: chrome on windows (5e60184831b177a0e84266b7d51ba30c)] -> name: Password]
2023-12-19 20:12:914 INFO  LoginPage :55 - Clicking on Login button : [[ChromeDriver: chrome on windows (5e60184831b177a0e84266b7d51ba30c)] -> xpath: //button[contains(text(),'Log in')]]
2023-12-19 20:12:580 INFO  LoginPage :72 - Clicking on Logout link : [[ChromeDriver: chrome on windows (5e60184831b177a0e84266b7d51ba30c)] -> xpath: //a[contains(text(),'Log out')]]
2023-12-19 20:12:913 INFO  RegisterPage :104 - click on register button : [[ChromeDriver: chrome on windows (ea17ff43f1cd974d91554a4441c61e3f)] -> xpath: //button[text()= 'Register']]
2023-12-19 20:12:949 INFO  RegisterPage :109 - Getting error message from : [[ChromeDriver: chrome on windows (ea17ff43f1cd974d91554a4441c61e3f)] -> id: FirstName-error]
2023-12-19 20:12:981 INFO  RegisterPage :115 - Getting error message from : [[ChromeDriver: chrome on windows (ea17ff43f1cd974d91554a4441c61e3f)] -> id: LastName-error]
2023-12-19 20:12:01 INFO  RegisterPage :121 - Getting error message from : [[ChromeDriver: chrome on windows (ea17ff43f1cd974d91554a4441c61e3f)] -> id: Email-error]
2023-12-19 20:12:20 INFO  RegisterPage :127 - Getting error message from : [[ChromeDriver: chrome on windows (ea17ff43f1cd974d91554a4441c61e3f)] -> id: Password-error]
2023-12-19 20:12:38 INFO  RegisterPage :133 - Getting error message from : [[ChromeDriver: chrome on windows (ea17ff43f1cd974d91554a4441c61e3f)] -> id: ConfirmPassword-error]
2023-12-19 20:12:992 INFO  RegisterPage :139 - click on radio button : [[ChromeDriver: chrome on windows (0dfb77c78930bf806a3b56b72c2a6df0)] -> id: gender-female]
2023-12-19 20:12:79 INFO  RegisterPage :144 - Enter first name :Michel in first name field [[ChromeDriver: chrome on windows (0dfb77c78930bf806a3b56b72c2a6df0)] -> id: FirstName]
2023-12-19 20:12:155 INFO  RegisterPage :149 - Enter last name :jackson in last name field [[ChromeDriver: chrome on windows (0dfb77c78930bf806a3b56b72c2a6df0)] -> name: LastName]
2023-12-19 20:12:255 INFO  RegisterPage :155 - Enter day of birthdate :5 in day field [[ChromeDriver: chrome on windows (0dfb77c78930bf806a3b56b72c2a6df0)] -> name: DateOfBirthDay]
2023-12-19 20:12:345 INFO  RegisterPage :160 - Enter month of birthdate :May in month field [[ChromeDriver: chrome on windows (0dfb77c78930bf806a3b56b72c2a6df0)] -> name: DateOfBirthMonth]
2023-12-19 20:12:427 INFO  RegisterPage :165 - Enter year of birthdate :1995 in year field [[ChromeDriver: chrome on windows (0dfb77c78930bf806a3b56b72c2a6df0)] -> name: DateOfBirthYear]
2023-12-19 20:12:520 INFO  LoginPage :39 - Getting text from : [[ChromeDriver: chrome on windows (b60b73be5ae0b1c5cb8415cb6f467c57)] -> xpath: //h1[contains(text(),'Welcome, Please Sign In!')]]
2023-12-19 20:12:114 INFO  LoginPage :45 - Enter email :az5252@gmail.com in email field [[ChromeDriver: chrome on windows (d187693b66e6818523fb67e0e7fc3901)] -> id: Email]
2023-12-19 20:12:175 INFO  LoginPage :50 - Enter password :abc123 in password field [[ChromeDriver: chrome on windows (d187693b66e6818523fb67e0e7fc3901)] -> name: Password]
2023-12-19 20:12:426 INFO  LoginPage :55 - Clicking on Login button : [[ChromeDriver: chrome on windows (d187693b66e6818523fb67e0e7fc3901)] -> xpath: //button[contains(text(),'Log in')]]
2023-12-19 20:12:508 INFO  LoginPage :60 - Getting text from : [[ChromeDriver: chrome on windows (d187693b66e6818523fb67e0e7fc3901)] -> xpath: //div[@class='message-error validation-summary-errors']]
2023-12-19 20:12:91 INFO  LoginPage :45 - Enter email :jalsakar2023@gmail.com in email field [[ChromeDriver: chrome on windows (c4a68e3d0f1527c945ddf2b7f8c39183)] -> id: Email]
2023-12-19 20:12:161 INFO  LoginPage :50 - Enter password :jalsakar2023 in password field [[ChromeDriver: chrome on windows (c4a68e3d0f1527c945ddf2b7f8c39183)] -> name: Password]
2023-12-19 20:12:695 INFO  LoginPage :55 - Clicking on Login button : [[ChromeDriver: chrome on windows (c4a68e3d0f1527c945ddf2b7f8c39183)] -> xpath: //button[contains(text(),'Log in')]]
2023-12-19 20:12:840 INFO  LoginPage :66 - Getting text from : Proxy element for: DefaultElementLocator 'By.xpath: //h1[contains(text(),'Welcome, Please Sign In!')]'
2023-12-19 20:12:449 INFO  LoginPage :45 - Enter email :jalsakar2023@gmail.com in email field [[ChromeDriver: chrome on windows (9f27752324ad0e048279cf37c955e7dc)] -> id: Email]
2023-12-19 20:12:510 INFO  LoginPage :50 - Enter password :jalsakar2023 in password field [[ChromeDriver: chrome on windows (9f27752324ad0e048279cf37c955e7dc)] -> name: Password]
2023-12-19 20:12:144 INFO  LoginPage :55 - Clicking on Login button : [[ChromeDriver: chrome on windows (9f27752324ad0e048279cf37c955e7dc)] -> xpath: //button[contains(text(),'Log in')]]
2023-12-19 20:12:736 INFO  LoginPage :72 - Clicking on Logout link : [[ChromeDriver: chrome on windows (9f27752324ad0e048279cf37c955e7dc)] -> xpath: //a[contains(text(),'Log out')]]
2023-12-19 20:12:364 INFO  RegisterPage :104 - click on register button : [[ChromeDriver: chrome on windows (b138f8eb9a06aadd732776300266b1d1)] -> xpath: //button[text()= 'Register']]
2023-12-19 20:12:399 INFO  RegisterPage :109 - Getting error message from : [[ChromeDriver: chrome on windows (b138f8eb9a06aadd732776300266b1d1)] -> id: FirstName-error]
2023-12-19 20:12:429 INFO  RegisterPage :115 - Getting error message from : [[ChromeDriver: chrome on windows (b138f8eb9a06aadd732776300266b1d1)] -> id: LastName-error]
2023-12-19 20:12:450 INFO  RegisterPage :121 - Getting error message from : [[ChromeDriver: chrome on windows (b138f8eb9a06aadd732776300266b1d1)] -> id: Email-error]
2023-12-19 20:12:473 INFO  RegisterPage :127 - Getting error message from : [[ChromeDriver: chrome on windows (b138f8eb9a06aadd732776300266b1d1)] -> id: Password-error]
2023-12-19 20:12:494 INFO  RegisterPage :133 - Getting error message from : [[ChromeDriver: chrome on windows (b138f8eb9a06aadd732776300266b1d1)] -> id: ConfirmPassword-error]
2023-12-19 20:12:744 INFO  RegisterPage :139 - click on radio button : [[ChromeDriver: chrome on windows (3383e7b7c9122fea5a302281e4296c24)] -> id: gender-female]
2023-12-19 20:12:828 INFO  RegisterPage :144 - Enter first name :Michel in first name field [[ChromeDriver: chrome on windows (3383e7b7c9122fea5a302281e4296c24)] -> id: FirstName]
2023-12-19 20:12:906 INFO  RegisterPage :149 - Enter last name :jackson in last name field [[ChromeDriver: chrome on windows (3383e7b7c9122fea5a302281e4296c24)] -> name: LastName]
2023-12-19 20:12:04 INFO  RegisterPage :155 - Enter day of birthdate :5 in day field [[ChromeDriver: chrome on windows (3383e7b7c9122fea5a302281e4296c24)] -> name: DateOfBirthDay]
2023-12-19 20:12:85 INFO  RegisterPage :160 - Enter month of birthdate :May in month field [[ChromeDriver: chrome on windows (3383e7b7c9122fea5a302281e4296c24)] -> name: DateOfBirthMonth]
2023-12-19 20:12:166 INFO  RegisterPage :165 - Enter year of birthdate :1995 in year field [[ChromeDriver: chrome on windows (3383e7b7c9122fea5a302281e4296c24)] -> name: DateOfBirthYear]
2023-12-19 20:12:439 INFO  LoginPage :39 - Getting text from : [[ChromeDriver: chrome on windows (c76f2ad8aeb359a8604fcd2acaec849a)] -> xpath: //h1[contains(text(),'Welcome, Please Sign In!')]]
2023-12-19 20:12:583 INFO  LoginPage :45 - Enter email :az5252@gmail.com in email field [[ChromeDriver: chrome on windows (32efe7dfc19ac844a6451be9e6d3ddfa)] -> id: Email]
2023-12-19 20:12:642 INFO  LoginPage :50 - Enter password :abc123 in password field [[ChromeDriver: chrome on windows (32efe7dfc19ac844a6451be9e6d3ddfa)] -> name: Password]
2023-12-19 20:12:06 INFO  LoginPage :55 - Clicking on Login button : [[ChromeDriver: chrome on windows (32efe7dfc19ac844a6451be9e6d3ddfa)] -> xpath: //button[contains(text(),'Log in')]]
2023-12-19 20:12:94 INFO  LoginPage :60 - Getting text from : [[ChromeDriver: chrome on windows (32efe7dfc19ac844a6451be9e6d3ddfa)] -> xpath: //div[@class='message-error validation-summary-errors']]
2023-12-19 20:12:586 INFO  LoginPage :45 - Enter email :jalsakar2023@gmail.com in email field [[ChromeDriver: chrome on windows (3e5d3cb0ee295d456e59bd13e8bad327)] -> id: Email]
2023-12-19 20:12:650 INFO  LoginPage :50 - Enter password :jalsakar2023 in password field [[ChromeDriver: chrome on windows (3e5d3cb0ee295d456e59bd13e8bad327)] -> name: Password]
2023-12-19 20:12:218 INFO  LoginPage :55 - Clicking on Login button : [[ChromeDriver: chrome on windows (3e5d3cb0ee295d456e59bd13e8bad327)] -> xpath: //button[contains(text(),'Log in')]]
2023-12-19 20:12:341 INFO  LoginPage :66 - Getting text from : Proxy element for: DefaultElementLocator 'By.xpath: //h1[contains(text(),'Welcome, Please Sign In!')]'
2023-12-19 20:12:96 INFO  LoginPage :45 - Enter email :jalsakar2023@gmail.com in email field [[ChromeDriver: chrome on windows (c81513d5818d3264b46943e0a5fffbaa)] -> id: Email]
2023-12-19 20:12:158 INFO  LoginPage :50 - Enter password :jalsakar2023 in password field [[ChromeDriver: chrome on windows (c81513d5818d3264b46943e0a5fffbaa)] -> name: Password]
2023-12-19 20:12:901 INFO  LoginPage :55 - Clicking on Login button : [[ChromeDriver: chrome on windows (c81513d5818d3264b46943e0a5fffbaa)] -> xpath: //button[contains(text(),'Log in')]]
2023-12-19 20:12:494 INFO  LoginPage :72 - Clicking on Logout link : [[ChromeDriver: chrome on windows (c81513d5818d3264b46943e0a5fffbaa)] -> xpath: //a[contains(text(),'Log out')]]
2023-12-19 20:12:49 INFO  RegisterPage :104 - click on register button : [[ChromeDriver: chrome on windows (22c02aad70dd542a3049ac8056169bb8)] -> xpath: //button[text()= 'Register']]
2023-12-19 20:12:96 INFO  RegisterPage :109 - Getting error message from : [[ChromeDriver: chrome on windows (22c02aad70dd542a3049ac8056169bb8)] -> id: FirstName-error]
2023-12-19 20:12:116 INFO  RegisterPage :115 - Getting error message from : [[ChromeDriver: chrome on windows (22c02aad70dd542a3049ac8056169bb8)] -> id: LastName-error]
2023-12-19 20:12:136 INFO  RegisterPage :121 - Getting error message from : [[ChromeDriver: chrome on windows (22c02aad70dd542a3049ac8056169bb8)] -> id: Email-error]
2023-12-19 20:12:161 INFO  RegisterPage :127 - Getting error message from : [[ChromeDriver: chrome on windows (22c02aad70dd542a3049ac8056169bb8)] -> id: Password-error]
2023-12-19 20:12:180 INFO  RegisterPage :133 - Getting error message from : [[ChromeDriver: chrome on windows (22c02aad70dd542a3049ac8056169bb8)] -> id: ConfirmPassword-error]
2023-12-19 20:12:402 INFO  RegisterPage :139 - click on radio button : [[ChromeDriver: chrome on windows (5cbe49fcbcaba3f280a3f41cd7303c30)] -> id: gender-female]
2023-12-19 20:12:489 INFO  RegisterPage :144 - Enter first name :Michel in first name field [[ChromeDriver: chrome on windows (5cbe49fcbcaba3f280a3f41cd7303c30)] -> id: FirstName]
2023-12-19 20:12:563 INFO  RegisterPage :149 - Enter last name :jackson in last name field [[ChromeDriver: chrome on windows (5cbe49fcbcaba3f280a3f41cd7303c30)] -> name: LastName]
2023-12-19 20:12:658 INFO  RegisterPage :155 - Enter day of birthdate :5 in day field [[ChromeDriver: chrome on windows (5cbe49fcbcaba3f280a3f41cd7303c30)] -> name: DateOfBirthDay]
2023-12-19 20:12:757 INFO  RegisterPage :160 - Enter month of birthdate :May in month field [[ChromeDriver: chrome on windows (5cbe49fcbcaba3f280a3f41cd7303c30)] -> name: DateOfBirthMonth]
2023-12-19 20:12:841 INFO  RegisterPage :165 - Enter year of birthdate :1995 in year field [[ChromeDriver: chrome on windows (5cbe49fcbcaba3f280a3f41cd7303c30)] -> name: DateOfBirthYear]
2023-12-19 20:12:48 INFO  LoginPage :39 - Getting text from : [[ChromeDriver: chrome on windows (0c9433517f5fc78becf616641bc3aed6)] -> xpath: //h1[contains(text(),'Welcome, Please Sign In!')]]
2023-12-19 20:12:538 INFO  LoginPage :45 - Enter email :az5252@gmail.com in email field [[ChromeDriver: chrome on windows (85f7094f35e73a3d183aa7e5e7786eeb)] -> id: Email]
2023-12-19 20:12:607 INFO  LoginPage :50 - Enter password :abc123 in password field [[ChromeDriver: chrome on windows (85f7094f35e73a3d183aa7e5e7786eeb)] -> name: Password]
2023-12-19 20:12:20 INFO  LoginPage :55 - Clicking on Login button : [[ChromeDriver: chrome on windows (85f7094f35e73a3d183aa7e5e7786eeb)] -> xpath: //button[contains(text(),'Log in')]]
2023-12-19 20:12:66 INFO  LoginPage :60 - Getting text from : [[ChromeDriver: chrome on windows (85f7094f35e73a3d183aa7e5e7786eeb)] -> xpath: //div[@class='message-error validation-summary-errors']]
2023-12-19 20:12:234 INFO  LoginPage :45 - Enter email :jalsakar2023@gmail.com in email field [[ChromeDriver: chrome on windows (b7caa7a24e6d61d2802dd9d18d486887)] -> id: Email]
2023-12-19 20:12:292 INFO  LoginPage :50 - Enter password :jalsakar2023 in password field [[ChromeDriver: chrome on windows (b7caa7a24e6d61d2802dd9d18d486887)] -> name: Password]
2023-12-19 20:12:925 INFO  LoginPage :55 - Clicking on Login button : [[ChromeDriver: chrome on windows (b7caa7a24e6d61d2802dd9d18d486887)] -> xpath: //button[contains(text(),'Log in')]]
2023-12-19 20:12:09 INFO  LoginPage :66 - Getting text from : Proxy element for: DefaultElementLocator 'By.xpath: //h1[contains(text(),'Welcome, Please Sign In!')]'
2023-12-19 20:12:601 INFO  LoginPage :45 - Enter email :jalsakar2023@gmail.com in email field [[ChromeDriver: chrome on windows (b4b35ba125bd13f88ae2d1dbf164b174)] -> id: Email]
2023-12-19 20:12:668 INFO  LoginPage :50 - Enter password :jalsakar2023 in password field [[ChromeDriver: chrome on windows (b4b35ba125bd13f88ae2d1dbf164b174)] -> name: Password]
2023-12-19 20:12:372 INFO  LoginPage :55 - Clicking on Login button : [[ChromeDriver: chrome on windows (b4b35ba125bd13f88ae2d1dbf164b174)] -> xpath: //button[contains(text(),'Log in')]]
2023-12-19 20:12:979 INFO  LoginPage :72 - Clicking on Logout link : [[ChromeDriver: chrome on windows (b4b35ba125bd13f88ae2d1dbf164b174)] -> xpath: //a[contains(text(),'Log out')]]
2023-12-19 20:12:222 INFO  RegisterPage :104 - click on register button : [[ChromeDriver: chrome on windows (69d04faeae7a157f6888e1d1b8e452f4)] -> xpath: //button[text()= 'Register']]
2023-12-19 20:12:255 INFO  RegisterPage :109 - Getting error message from : [[ChromeDriver: chrome on windows (69d04faeae7a157f6888e1d1b8e452f4)] -> id: FirstName-error]
2023-12-19 20:12:287 INFO  RegisterPage :115 - Getting error message from : [[ChromeDriver: chrome on windows (69d04faeae7a157f6888e1d1b8e452f4)] -> id: LastName-error]
2023-12-19 20:12:308 INFO  RegisterPage :121 - Getting error message from : [[ChromeDriver: chrome on windows (69d04faeae7a157f6888e1d1b8e452f4)] -> id: Email-error]
2023-12-19 20:12:327 INFO  RegisterPage :127 - Getting error message from : [[ChromeDriver: chrome on windows (69d04faeae7a157f6888e1d1b8e452f4)] -> id: Password-error]
2023-12-19 20:12:347 INFO  RegisterPage :133 - Getting error message from : [[ChromeDriver: chrome on windows (69d04faeae7a157f6888e1d1b8e452f4)] -> id: ConfirmPassword-error]
2023-12-19 20:12:492 INFO  RegisterPage :139 - click on radio button : [[ChromeDriver: chrome on windows (3f4fb65aaeb5c1789a6a4e6fb45db403)] -> id: gender-female]
2023-12-19 20:12:574 INFO  RegisterPage :144 - Enter first name :Michel in first name field [[ChromeDriver: chrome on windows (3f4fb65aaeb5c1789a6a4e6fb45db403)] -> id: FirstName]
2023-12-19 20:12:654 INFO  RegisterPage :149 - Enter last name :jackson in last name field [[ChromeDriver: chrome on windows (3f4fb65aaeb5c1789a6a4e6fb45db403)] -> name: LastName]
2023-12-19 20:12:755 INFO  RegisterPage :155 - Enter day of birthdate :5 in day field [[ChromeDriver: chrome on windows (3f4fb65aaeb5c1789a6a4e6fb45db403)] -> name: DateOfBirthDay]
2023-12-19 20:12:839 INFO  RegisterPage :160 - Enter month of birthdate :May in month field [[ChromeDriver: chrome on windows (3f4fb65aaeb5c1789a6a4e6fb45db403)] -> name: DateOfBirthMonth]
2023-12-19 20:12:923 INFO  RegisterPage :165 - Enter year of birthdate :1995 in year field [[ChromeDriver: chrome on windows (3f4fb65aaeb5c1789a6a4e6fb45db403)] -> name: DateOfBirthYear]
2023-12-19 20:12:03 INFO  LoginPage :45 - Enter email :jalsakar2023@gmail.com in email field [[ChromeDriver: chrome on windows (3f4fb65aaeb5c1789a6a4e6fb45db403)] -> id: Email]
2023-12-19 20:12:79 INFO  RegisterPage :183 - Enter password :m123456 in password field [[ChromeDriver: chrome on windows (3f4fb65aaeb5c1789a6a4e6fb45db403)] -> id: Password]
2023-12-19 20:12:138 INFO  RegisterPage :188 - Enter confirm password :m123456 in confirm password field [[ChromeDriver: chrome on windows (3f4fb65aaeb5c1789a6a4e6fb45db403)] -> id: ConfirmPassword]
2023-12-19 20:12:458 INFO  RegisterPage :104 - click on register button : [[ChromeDriver: chrome on windows (3f4fb65aaeb5c1789a6a4e6fb45db403)] -> xpath: //button[text()= 'Register']]
2023-12-19 20:12:139 INFO  LoginPage :39 - Getting text from : [[ChromeDriver: chrome on windows (25aaac96137c30f5a89503b95ece172a)] -> xpath: //h1[contains(text(),'Welcome, Please Sign In!')]]
2023-12-19 20:12:661 INFO  LoginPage :45 - Enter email :az5252@gmail.com in email field [[ChromeDriver: chrome on windows (231f46592f6ca74dff7e514186159b9d)] -> id: Email]
2023-12-19 20:12:718 INFO  LoginPage :50 - Enter password :abc123 in password field [[ChromeDriver: chrome on windows (231f46592f6ca74dff7e514186159b9d)] -> name: Password]
2023-12-19 20:12:42 INFO  LoginPage :55 - Clicking on Login button : [[ChromeDriver: chrome on windows (231f46592f6ca74dff7e514186159b9d)] -> xpath: //button[contains(text(),'Log in')]]
2023-12-19 20:12:88 INFO  LoginPage :60 - Getting text from : [[ChromeDriver: chrome on windows (231f46592f6ca74dff7e514186159b9d)] -> xpath: //div[@class='message-error validation-summary-errors']]
2023-12-19 20:12:639 INFO  LoginPage :45 - Enter email :jalsakar2023@gmail.com in email field [[ChromeDriver: chrome on windows (8ab69c40eeaed9eb05a9b18f39dcbd01)] -> id: Email]
2023-12-19 20:12:706 INFO  LoginPage :50 - Enter password :jalsakar2023 in password field [[ChromeDriver: chrome on windows (8ab69c40eeaed9eb05a9b18f39dcbd01)] -> name: Password]
2023-12-19 20:12:418 INFO  LoginPage :55 - Clicking on Login button : [[ChromeDriver: chrome on windows (8ab69c40eeaed9eb05a9b18f39dcbd01)] -> xpath: //button[contains(text(),'Log in')]]
2023-12-19 20:12:559 INFO  LoginPage :66 - Getting text from : Proxy element for: DefaultElementLocator 'By.xpath: //h1[contains(text(),'Welcome, Please Sign In!')]'
2023-12-19 20:12:300 INFO  LoginPage :45 - Enter email :jalsakar2023@gmail.com in email field [[ChromeDriver: chrome on windows (3cde8c4a5357cbc74a839f1a2ac3c2d4)] -> id: Email]
2023-12-19 20:12:364 INFO  LoginPage :50 - Enter password :jalsakar2023 in password field [[ChromeDriver: chrome on windows (3cde8c4a5357cbc74a839f1a2ac3c2d4)] -> name: Password]
2023-12-19 20:12:105 INFO  LoginPage :55 - Clicking on Login button : [[ChromeDriver: chrome on windows (3cde8c4a5357cbc74a839f1a2ac3c2d4)] -> xpath: //button[contains(text(),'Log in')]]
2023-12-19 20:12:883 INFO  LoginPage :72 - Clicking on Logout link : [[ChromeDriver: chrome on windows (3cde8c4a5357cbc74a839f1a2ac3c2d4)] -> xpath: //a[contains(text(),'Log out')]]
2023-12-19 20:12:444 INFO  RegisterPage :104 - click on register button : [[ChromeDriver: chrome on windows (f04ef3cd9130fcf98ef28023027bae57)] -> xpath: //button[text()= 'Register']]
2023-12-19 20:12:478 INFO  RegisterPage :109 - Getting error message from : [[ChromeDriver: chrome on windows (f04ef3cd9130fcf98ef28023027bae57)] -> id: FirstName-error]
2023-12-19 20:12:507 INFO  RegisterPage :115 - Getting error message from : [[ChromeDriver: chrome on windows (f04ef3cd9130fcf98ef28023027bae57)] -> id: LastName-error]
2023-12-19 20:12:529 INFO  RegisterPage :121 - Getting error message from : [[ChromeDriver: chrome on windows (f04ef3cd9130fcf98ef28023027bae57)] -> id: Email-error]
2023-12-19 20:12:550 INFO  RegisterPage :127 - Getting error message from : [[ChromeDriver: chrome on windows (f04ef3cd9130fcf98ef28023027bae57)] -> id: Password-error]
2023-12-19 20:12:570 INFO  RegisterPage :133 - Getting error message from : [[ChromeDriver: chrome on windows (f04ef3cd9130fcf98ef28023027bae57)] -> id: ConfirmPassword-error]
2023-12-19 20:12:184 INFO  RegisterPage :139 - click on radio button : [[ChromeDriver: chrome on windows (b62928d91fa014a3797ee4e480f3fac2)] -> id: gender-female]
2023-12-19 20:12:266 INFO  RegisterPage :144 - Enter first name :Michel in first name field [[ChromeDriver: chrome on windows (b62928d91fa014a3797ee4e480f3fac2)] -> id: FirstName]
2023-12-19 20:12:343 INFO  RegisterPage :149 - Enter last name :jackson in last name field [[ChromeDriver: chrome on windows (b62928d91fa014a3797ee4e480f3fac2)] -> name: LastName]
2023-12-19 20:12:447 INFO  RegisterPage :155 - Enter day of birthdate :5 in day field [[ChromeDriver: chrome on windows (b62928d91fa014a3797ee4e480f3fac2)] -> name: DateOfBirthDay]
2023-12-19 20:12:530 INFO  RegisterPage :160 - Enter month of birthdate :May in month field [[ChromeDriver: chrome on windows (b62928d91fa014a3797ee4e480f3fac2)] -> name: DateOfBirthMonth]
2023-12-19 20:12:617 INFO  RegisterPage :165 - Enter year of birthdate :1995 in year field [[ChromeDriver: chrome on windows (b62928d91fa014a3797ee4e480f3fac2)] -> name: DateOfBirthYear]
2023-12-19 20:12:935 INFO  LoginPage :39 - Getting text from : [[ChromeDriver: chrome on windows (fc2840d7f6f785af68d9f8a9c5221484)] -> xpath: //h1[contains(text(),'Welcome, Please Sign In!')]]
2023-12-19 20:12:626 INFO  LoginPage :45 - Enter email :az5252@gmail.com in email field [[ChromeDriver: chrome on windows (fd7bba1b9695625f581c1ad2fd446377)] -> id: Email]
2023-12-19 20:12:710 INFO  LoginPage :50 - Enter password :abc123 in password field [[ChromeDriver: chrome on windows (fd7bba1b9695625f581c1ad2fd446377)] -> name: Password]
2023-12-19 20:12:48 INFO  LoginPage :55 - Clicking on Login button : [[ChromeDriver: chrome on windows (fd7bba1b9695625f581c1ad2fd446377)] -> xpath: //button[contains(text(),'Log in')]]
2023-12-19 20:12:112 INFO  LoginPage :60 - Getting text from : [[ChromeDriver: chrome on windows (fd7bba1b9695625f581c1ad2fd446377)] -> xpath: //div[@class='message-error validation-summary-errors']]
2023-12-19 20:12:879 INFO  LoginPage :45 - Enter email :jalsakar2023@gmail.com in email field [[ChromeDriver: chrome on windows (9608a095b8234e2dc2623e7b00bc7264)] -> id: Email]
2023-12-19 20:12:963 INFO  LoginPage :50 - Enter password :jalsakar2023 in password field [[ChromeDriver: chrome on windows (9608a095b8234e2dc2623e7b00bc7264)] -> name: Password]
2023-12-19 20:12:469 INFO  LoginPage :55 - Clicking on Login button : [[ChromeDriver: chrome on windows (9608a095b8234e2dc2623e7b00bc7264)] -> xpath: //button[contains(text(),'Log in')]]
2023-12-19 20:12:557 INFO  LoginPage :66 - Getting text from : Proxy element for: DefaultElementLocator 'By.xpath: //h1[contains(text(),'Welcome, Please Sign In!')]'
2023-12-19 20:12:810 INFO  LoginPage :45 - Enter email :jalsakar2023@gmail.com in email field [[ChromeDriver: chrome on windows (61b75935c43b519186acdf62ff56a329)] -> id: Email]
2023-12-19 20:12:881 INFO  LoginPage :50 - Enter password :jalsakar2023 in password field [[ChromeDriver: chrome on windows (61b75935c43b519186acdf62ff56a329)] -> name: Password]
2023-12-19 20:12:388 INFO  LoginPage :55 - Clicking on Login button : [[ChromeDriver: chrome on windows (61b75935c43b519186acdf62ff56a329)] -> xpath: //button[contains(text(),'Log in')]]
2023-12-19 20:12:912 INFO  LoginPage :72 - Clicking on Logout link : [[ChromeDriver: chrome on windows (61b75935c43b519186acdf62ff56a329)] -> xpath: //a[contains(text(),'Log out')]]
2023-12-19 20:12:130 INFO  RegisterPage :104 - click on register button : [[ChromeDriver: chrome on windows (f445966fe698c024bec940849c65a82d)] -> xpath: //button[text()= 'Register']]
2023-12-19 20:12:166 INFO  RegisterPage :109 - Getting error message from : [[ChromeDriver: chrome on windows (f445966fe698c024bec940849c65a82d)] -> id: FirstName-error]
2023-12-19 20:12:212 INFO  RegisterPage :115 - Getting error message from : [[ChromeDriver: chrome on windows (f445966fe698c024bec940849c65a82d)] -> id: LastName-error]
2023-12-19 20:12:248 INFO  RegisterPage :121 - Getting error message from : [[ChromeDriver: chrome on windows (f445966fe698c024bec940849c65a82d)] -> id: Email-error]
2023-12-19 20:12:273 INFO  RegisterPage :127 - Getting error message from : [[ChromeDriver: chrome on windows (f445966fe698c024bec940849c65a82d)] -> id: Password-error]
2023-12-19 20:12:290 INFO  RegisterPage :133 - Getting error message from : [[ChromeDriver: chrome on windows (f445966fe698c024bec940849c65a82d)] -> id: ConfirmPassword-error]
2023-12-19 20:12:554 INFO  RegisterPage :139 - click on radio button : [[ChromeDriver: chrome on windows (2fd09f2f72386c6c555e4bbe4b3afa25)] -> id: gender-female]
2023-12-19 20:12:650 INFO  RegisterPage :144 - Enter first name :Michel in first name field [[ChromeDriver: chrome on windows (2fd09f2f72386c6c555e4bbe4b3afa25)] -> id: FirstName]
2023-12-19 20:12:757 INFO  RegisterPage :149 - Enter last name :jackson in last name field [[ChromeDriver: chrome on windows (2fd09f2f72386c6c555e4bbe4b3afa25)] -> name: LastName]
2023-12-19 20:12:871 INFO  RegisterPage :155 - Enter day of birthdate :5 in day field [[ChromeDriver: chrome on windows (2fd09f2f72386c6c555e4bbe4b3afa25)] -> name: DateOfBirthDay]
2023-12-19 20:12:966 INFO  RegisterPage :160 - Enter month of birthdate :May in month field [[ChromeDriver: chrome on windows (2fd09f2f72386c6c555e4bbe4b3afa25)] -> name: DateOfBirthMonth]
2023-12-19 20:12:61 INFO  RegisterPage :165 - Enter year of birthdate :1995 in year field [[ChromeDriver: chrome on windows (2fd09f2f72386c6c555e4bbe4b3afa25)] -> name: DateOfBirthYear]
2023-12-19 20:12:167 INFO  RegisterPage :178 - Enter email :jalsakar368121068fvBLlmouse@gmail.com in email field [[ChromeDriver: chrome on windows (2fd09f2f72386c6c555e4bbe4b3afa25)] -> id: Email]
2023-12-19 20:12:260 INFO  RegisterPage :183 - Enter password :m123456 in password field [[ChromeDriver: chrome on windows (2fd09f2f72386c6c555e4bbe4b3afa25)] -> id: Password]
2023-12-19 20:12:335 INFO  RegisterPage :188 - Enter confirm password :m123456 in confirm password field [[ChromeDriver: chrome on windows (2fd09f2f72386c6c555e4bbe4b3afa25)] -> id: ConfirmPassword]
2023-12-19 20:12:848 INFO  RegisterPage :104 - click on register button : [[ChromeDriver: chrome on windows (2fd09f2f72386c6c555e4bbe4b3afa25)] -> xpath: //button[text()= 'Register']]
2023-12-19 20:12:899 INFO  RegisterPage :193 - Getting registration complete text from : [[ChromeDriver: chrome on windows (2fd09f2f72386c6c555e4bbe4b3afa25)] -> xpath: //div[text()='Your registration completed']]
